<?xml version="1.0" encoding="UTF-8" ?>
<testsuite tests="6" failures="6" name="MRTest" time="25.241" errors="0" skipped="0">
  <properties>
[...]
</properties>
  <testcase classname="MRTest" name="testParallelBasic" time="1.305">
    <failure message="Expected 100000 lines in output" type="junit.framework.AssertionFailedError">junit.framework.AssertionFailedError: Expected 100000 lines in output
	at junit.framework.Assert.fail(Assert.java:57)
	at junit.framework.Assert.assertTrue(Assert.java:22)
	at junit.framework.Assert.assertFalse(Assert.java:39)
	at junit.framework.TestCase.assertFalse(TestCase.java:210)
	at MRTest.check(MRTest.java:104)
	at MRTest.testParallelBasic(MRTest.java:201)
	at sun.reflect.NativeMethodAccessorImpl.invoke0(Native Method)
	at sun.reflect.NativeMethodAccessorImpl.invoke(NativeMethodAccessorImpl.java:62)
	at sun.reflect.DelegatingMethodAccessorImpl.invoke(DelegatingMethodAccessorImpl.java:43)
	at java.lang.reflect.Method.invoke(Method.java:498)
	at org.junit.runners.model.FrameworkMethod$1.runReflectiveCall(FrameworkMethod.java:50)
	at org.junit.internal.runners.model.ReflectiveCallable.run(ReflectiveCallable.java:12)
	at org.junit.runners.model.FrameworkMethod.invokeExplosively(FrameworkMethod.java:47)
	at org.junit.internal.runners.statements.InvokeMethod.evaluate(InvokeMethod.java:17)
	at org.junit.runners.ParentRunner.runLeaf(ParentRunner.java:325)
	at org.junit.runners.BlockJUnit4ClassRunner.runChild(BlockJUnit4ClassRunner.java:78)
	at org.junit.runners.BlockJUnit4ClassRunner.runChild(BlockJUnit4ClassRunner.java:57)
	at org.junit.runners.ParentRunner$3.run(ParentRunner.java:290)
	at org.junit.runners.ParentRunner$1.schedule(ParentRunner.java:71)
	at org.junit.runners.ParentRunner.runChildren(ParentRunner.java:288)
	at org.junit.runners.ParentRunner.access$000(ParentRunner.java:58)
	at org.junit.runners.ParentRunner$2.evaluate(ParentRunner.java:268)
	at org.junit.runners.ParentRunner.run(ParentRunner.java:363)
	at org.apache.maven.surefire.junit4.JUnit4Provider.execute(JUnit4Provider.java:252)
	at org.apache.maven.surefire.junit4.JUnit4Provider.executeTestSet(JUnit4Provider.java:141)
	at org.apache.maven.surefire.junit4.JUnit4Provider.invoke(JUnit4Provider.java:112)
	at sun.reflect.NativeMethodAccessorImpl.invoke0(Native Method)
	at sun.reflect.NativeMethodAccessorImpl.invoke(NativeMethodAccessorImpl.java:62)
	at sun.reflect.DelegatingMethodAccessorImpl.invoke(DelegatingMethodAccessorImpl.java:43)
	at java.lang.reflect.Method.invoke(Method.java:498)
	at org.apache.maven.surefire.util.ReflectionUtils.invokeMethodWithArray(ReflectionUtils.java:189)
	at org.apache.maven.surefire.booter.ProviderFactory$ProviderProxy.invoke(ProviderFactory.java:165)
	at org.apache.maven.surefire.booter.ProviderFactory.invokeProvider(ProviderFactory.java:85)
	at org.apache.maven.surefire.booter.ForkedBooter.runSuitesInProcess(ForkedBooter.java:115)
	at org.apache.maven.surefire.booter.ForkedBooter.main(ForkedBooter.java:75)
</failure>
    <system-out>master: Starting Map/Reduce task test
Schedule: 20 MAP_PHASE tasks (10 I/Os)
Schedule: MAP_PHASE done
Schedule: 10 REDUCE_PHASE tasks (20 I/Os)
Schedule: REDUCE_PHASE done
Merge: read mrtmp.test-res-0
Merge: read mrtmp.test-res-1
Merge: read mrtmp.test-res-2
Merge: read mrtmp.test-res-3
Merge: read mrtmp.test-res-4
Merge: read mrtmp.test-res-5
Merge: read mrtmp.test-res-6
Merge: read mrtmp.test-res-7
Merge: read mrtmp.test-res-8
Merge: read mrtmp.test-res-9
master: Map/Reduce task completed
</system-out>
    <system-err>SLF4J: Failed to load class &quot;org.slf4j.impl.StaticLoggerBinder&quot;.
SLF4J: Defaulting to no-operation (NOP) logger implementation
SLF4J: See http://www.slf4j.org/codes.html#StaticLoggerBinder for further details.
Sofa-Middleware-Log:WARN No log util is usable, Default app logger will be used.
Sofa-Middleware-Log:WARN No log util is usable, Default app logger will be used.
java.nio.file.NoSuchFileException: mrtmp.test-res-0
	at sun.nio.fs.UnixException.translateToIOException(UnixException.java:86)
	at sun.nio.fs.UnixException.rethrowAsIOException(UnixException.java:102)
	at sun.nio.fs.UnixException.rethrowAsIOException(UnixException.java:107)
	at sun.nio.fs.UnixFileSystemProvider.newByteChannel(UnixFileSystemProvider.java:214)
	at java.nio.file.Files.newByteChannel(Files.java:361)
	at java.nio.file.Files.newByteChannel(Files.java:407)
	at java.nio.file.Files.readAllBytes(Files.java:3152)
	at sjtu.sdic.mapreduce.core.Master.merge(Master.java:360)
	at sjtu.sdic.mapreduce.core.Master.run(Master.java:245)
	at sjtu.sdic.mapreduce.core.Master.lambda$distributed$7(Master.java:202)
	at java.lang.Thread.run(Thread.java:748)
java.nio.file.NoSuchFileException: mrtmp.test-res-1
	at sun.nio.fs.UnixException.translateToIOException(UnixException.java:86)
	at sun.nio.fs.UnixException.rethrowAsIOException(UnixException.java:102)
	at sun.nio.fs.UnixException.rethrowAsIOException(UnixException.java:107)
	at sun.nio.fs.UnixFileSystemProvider.newByteChannel(UnixFileSystemProvider.java:214)
	at java.nio.file.Files.newByteChannel(Files.java:361)
	at java.nio.file.Files.newByteChannel(Files.java:407)
	at java.nio.file.Files.readAllBytes(Files.java:3152)
	at sjtu.sdic.mapreduce.core.Master.merge(Master.java:360)
	at sjtu.sdic.mapreduce.core.Master.run(Master.java:245)
	at sjtu.sdic.mapreduce.core.Master.lambda$distributed$7(Master.java:202)
	at java.lang.Thread.run(Thread.java:748)
java.nio.file.NoSuchFileException: mrtmp.test-res-2
	at sun.nio.fs.UnixException.translateToIOException(UnixException.java:86)
	at sun.nio.fs.UnixException.rethrowAsIOException(UnixException.java:102)
	at sun.nio.fs.UnixException.rethrowAsIOException(UnixException.java:107)
	at sun.nio.fs.UnixFileSystemProvider.newByteChannel(UnixFileSystemProvider.java:214)
	at java.nio.file.Files.newByteChannel(Files.java:361)
	at java.nio.file.Files.newByteChannel(Files.java:407)
	at java.nio.file.Files.readAllBytes(Files.java:3152)
	at sjtu.sdic.mapreduce.core.Master.merge(Master.java:360)
	at sjtu.sdic.mapreduce.core.Master.run(Master.java:245)
	at sjtu.sdic.mapreduce.core.Master.lambda$distributed$7(Master.java:202)
	at java.lang.Thread.run(Thread.java:748)
java.nio.file.NoSuchFileException: mrtmp.test-res-3
	at sun.nio.fs.UnixException.translateToIOException(UnixException.java:86)
	at sun.nio.fs.UnixException.rethrowAsIOException(UnixException.java:102)
	at sun.nio.fs.UnixException.rethrowAsIOException(UnixException.java:107)
	at sun.nio.fs.UnixFileSystemProvider.newByteChannel(UnixFileSystemProvider.java:214)
	at java.nio.file.Files.newByteChannel(Files.java:361)
	at java.nio.file.Files.newByteChannel(Files.java:407)
	at java.nio.file.Files.readAllBytes(Files.java:3152)
	at sjtu.sdic.mapreduce.core.Master.merge(Master.java:360)
	at sjtu.sdic.mapreduce.core.Master.run(Master.java:245)
	at sjtu.sdic.mapreduce.core.Master.lambda$distributed$7(Master.java:202)
	at java.lang.Thread.run(Thread.java:748)
java.nio.file.NoSuchFileException: mrtmp.test-res-4
	at sun.nio.fs.UnixException.translateToIOException(UnixException.java:86)
	at sun.nio.fs.UnixException.rethrowAsIOException(UnixException.java:102)
	at sun.nio.fs.UnixException.rethrowAsIOException(UnixException.java:107)
	at sun.nio.fs.UnixFileSystemProvider.newByteChannel(UnixFileSystemProvider.java:214)
	at java.nio.file.Files.newByteChannel(Files.java:361)
	at java.nio.file.Files.newByteChannel(Files.java:407)
	at java.nio.file.Files.readAllBytes(Files.java:3152)
	at sjtu.sdic.mapreduce.core.Master.merge(Master.java:360)
	at sjtu.sdic.mapreduce.core.Master.run(Master.java:245)
	at sjtu.sdic.mapreduce.core.Master.lambda$distributed$7(Master.java:202)
	at java.lang.Thread.run(Thread.java:748)
java.nio.file.NoSuchFileException: mrtmp.test-res-5
	at sun.nio.fs.UnixException.translateToIOException(UnixException.java:86)
	at sun.nio.fs.UnixException.rethrowAsIOException(UnixException.java:102)
	at sun.nio.fs.UnixException.rethrowAsIOException(UnixException.java:107)
	at sun.nio.fs.UnixFileSystemProvider.newByteChannel(UnixFileSystemProvider.java:214)
	at java.nio.file.Files.newByteChannel(Files.java:361)
	at java.nio.file.Files.newByteChannel(Files.java:407)
	at java.nio.file.Files.readAllBytes(Files.java:3152)
	at sjtu.sdic.mapreduce.core.Master.merge(Master.java:360)
	at sjtu.sdic.mapreduce.core.Master.run(Master.java:245)
	at sjtu.sdic.mapreduce.core.Master.lambda$distributed$7(Master.java:202)
	at java.lang.Thread.run(Thread.java:748)
java.nio.file.NoSuchFileException: mrtmp.test-res-6
	at sun.nio.fs.UnixException.translateToIOException(UnixException.java:86)
	at sun.nio.fs.UnixException.rethrowAsIOException(UnixException.java:102)
	at sun.nio.fs.UnixException.rethrowAsIOException(UnixException.java:107)
	at sun.nio.fs.UnixFileSystemProvider.newByteChannel(UnixFileSystemProvider.java:214)
	at java.nio.file.Files.newByteChannel(Files.java:361)
	at java.nio.file.Files.newByteChannel(Files.java:407)
	at java.nio.file.Files.readAllBytes(Files.java:3152)
	at sjtu.sdic.mapreduce.core.Master.merge(Master.java:360)
	at sjtu.sdic.mapreduce.core.Master.run(Master.java:245)
	at sjtu.sdic.mapreduce.core.Master.lambda$distributed$7(Master.java:202)
	at java.lang.Thread.run(Thread.java:748)
java.nio.file.NoSuchFileException: mrtmp.test-res-7
	at sun.nio.fs.UnixException.translateToIOException(UnixException.java:86)
	at sun.nio.fs.UnixException.rethrowAsIOException(UnixException.java:102)
	at sun.nio.fs.UnixException.rethrowAsIOException(UnixException.java:107)
	at sun.nio.fs.UnixFileSystemProvider.newByteChannel(UnixFileSystemProvider.java:214)
	at java.nio.file.Files.newByteChannel(Files.java:361)
	at java.nio.file.Files.newByteChannel(Files.java:407)
	at java.nio.file.Files.readAllBytes(Files.java:3152)
	at sjtu.sdic.mapreduce.core.Master.merge(Master.java:360)
	at sjtu.sdic.mapreduce.core.Master.run(Master.java:245)
	at sjtu.sdic.mapreduce.core.Master.lambda$distributed$7(Master.java:202)
	at java.lang.Thread.run(Thread.java:748)
java.nio.file.NoSuchFileException: mrtmp.test-res-8
	at sun.nio.fs.UnixException.translateToIOException(UnixException.java:86)
	at sun.nio.fs.UnixException.rethrowAsIOException(UnixException.java:102)
	at sun.nio.fs.UnixException.rethrowAsIOException(UnixException.java:107)
	at sun.nio.fs.UnixFileSystemProvider.newByteChannel(UnixFileSystemProvider.java:214)
	at java.nio.file.Files.newByteChannel(Files.java:361)
	at java.nio.file.Files.newByteChannel(Files.java:407)
	at java.nio.file.Files.readAllBytes(Files.java:3152)
	at sjtu.sdic.mapreduce.core.Master.merge(Master.java:360)
	at sjtu.sdic.mapreduce.core.Master.run(Master.java:245)
	at sjtu.sdic.mapreduce.core.Master.lambda$distributed$7(Master.java:202)
	at java.lang.Thread.run(Thread.java:748)
java.nio.file.NoSuchFileException: mrtmp.test-res-9
	at sun.nio.fs.UnixException.translateToIOException(UnixException.java:86)
	at sun.nio.fs.UnixException.rethrowAsIOException(UnixException.java:102)
	at sun.nio.fs.UnixException.rethrowAsIOException(UnixException.java:107)
	at sun.nio.fs.UnixFileSystemProvider.newByteChannel(UnixFileSystemProvider.java:214)
	at java.nio.file.Files.newByteChannel(Files.java:361)
	at java.nio.file.Files.newByteChannel(Files.java:407)
	at java.nio.file.Files.readAllBytes(Files.java:3152)
	at sjtu.sdic.mapreduce.core.Master.merge(Master.java:360)
	at sjtu.sdic.mapreduce.core.Master.run(Master.java:245)
	at sjtu.sdic.mapreduce.core.Master.lambda$distributed$7(Master.java:202)
	at java.lang.Thread.run(Thread.java:748)
</system-err>
  </testcase>
  <testcase classname="MRTest" name="testParallelCheck" time="0.355">
    <failure message="Expected 100000 lines in output" type="junit.framework.AssertionFailedError">junit.framework.AssertionFailedError: Expected 100000 lines in output
	at junit.framework.Assert.fail(Assert.java:57)
	at junit.framework.Assert.assertTrue(Assert.java:22)
	at junit.framework.Assert.assertFalse(Assert.java:39)
	at junit.framework.TestCase.assertFalse(TestCase.java:210)
	at MRTest.check(MRTest.java:104)
	at MRTest.testParallelCheck(MRTest.java:222)
	at sun.reflect.NativeMethodAccessorImpl.invoke0(Native Method)
	at sun.reflect.NativeMethodAccessorImpl.invoke(NativeMethodAccessorImpl.java:62)
	at sun.reflect.DelegatingMethodAccessorImpl.invoke(DelegatingMethodAccessorImpl.java:43)
	at java.lang.reflect.Method.invoke(Method.java:498)
	at org.junit.runners.model.FrameworkMethod$1.runReflectiveCall(FrameworkMethod.java:50)
	at org.junit.internal.runners.model.ReflectiveCallable.run(ReflectiveCallable.java:12)
	at org.junit.runners.model.FrameworkMethod.invokeExplosively(FrameworkMethod.java:47)
	at org.junit.internal.runners.statements.InvokeMethod.evaluate(InvokeMethod.java:17)
	at org.junit.runners.ParentRunner.runLeaf(ParentRunner.java:325)
	at org.junit.runners.BlockJUnit4ClassRunner.runChild(BlockJUnit4ClassRunner.java:78)
	at org.junit.runners.BlockJUnit4ClassRunner.runChild(BlockJUnit4ClassRunner.java:57)
	at org.junit.runners.ParentRunner$3.run(ParentRunner.java:290)
	at org.junit.runners.ParentRunner$1.schedule(ParentRunner.java:71)
	at org.junit.runners.ParentRunner.runChildren(ParentRunner.java:288)
	at org.junit.runners.ParentRunner.access$000(ParentRunner.java:58)
	at org.junit.runners.ParentRunner$2.evaluate(ParentRunner.java:268)
	at org.junit.runners.ParentRunner.run(ParentRunner.java:363)
	at org.apache.maven.surefire.junit4.JUnit4Provider.execute(JUnit4Provider.java:252)
	at org.apache.maven.surefire.junit4.JUnit4Provider.executeTestSet(JUnit4Provider.java:141)
	at org.apache.maven.surefire.junit4.JUnit4Provider.invoke(JUnit4Provider.java:112)
	at sun.reflect.NativeMethodAccessorImpl.invoke0(Native Method)
	at sun.reflect.NativeMethodAccessorImpl.invoke(NativeMethodAccessorImpl.java:62)
	at sun.reflect.DelegatingMethodAccessorImpl.invoke(DelegatingMethodAccessorImpl.java:43)
	at java.lang.reflect.Method.invoke(Method.java:498)
	at org.apache.maven.surefire.util.ReflectionUtils.invokeMethodWithArray(ReflectionUtils.java:189)
	at org.apache.maven.surefire.booter.ProviderFactory$ProviderProxy.invoke(ProviderFactory.java:165)
	at org.apache.maven.surefire.booter.ProviderFactory.invokeProvider(ProviderFactory.java:85)
	at org.apache.maven.surefire.booter.ForkedBooter.runSuitesInProcess(ForkedBooter.java:115)
	at org.apache.maven.surefire.booter.ForkedBooter.main(ForkedBooter.java:75)
</failure>
    <system-out>master: Starting Map/Reduce task test
Schedule: 20 MAP_PHASE tasks (10 I/Os)
Schedule: MAP_PHASE done
Schedule: 10 REDUCE_PHASE tasks (20 I/Os)
Schedule: REDUCE_PHASE done
Merge: read mrtmp.test-res-0
Merge: read mrtmp.test-res-1
Merge: read mrtmp.test-res-2
Merge: read mrtmp.test-res-3
Merge: read mrtmp.test-res-4
Merge: read mrtmp.test-res-5
Merge: read mrtmp.test-res-6
Merge: read mrtmp.test-res-7
Merge: read mrtmp.test-res-8
Merge: read mrtmp.test-res-9
master: Map/Reduce task completed
</system-out>
    <system-err>Register: RPC worker1 register error
java.nio.file.NoSuchFileException: mrtmp.test-res-0
	at sun.nio.fs.UnixException.translateToIOException(UnixException.java:86)
	at sun.nio.fs.UnixException.rethrowAsIOException(UnixException.java:102)
	at sun.nio.fs.UnixException.rethrowAsIOException(UnixException.java:107)
	at sun.nio.fs.UnixFileSystemProvider.newByteChannel(UnixFileSystemProvider.java:214)
	at java.nio.file.Files.newByteChannel(Files.java:361)
	at java.nio.file.Files.newByteChannel(Files.java:407)
	at java.nio.file.Files.readAllBytes(Files.java:3152)
	at sjtu.sdic.mapreduce.core.Master.merge(Master.java:360)
	at sjtu.sdic.mapreduce.core.Master.run(Master.java:245)
	at sjtu.sdic.mapreduce.core.Master.lambda$distributed$7(Master.java:202)
	at java.lang.Thread.run(Thread.java:748)
java.nio.file.NoSuchFileException: mrtmp.test-res-1
	at sun.nio.fs.UnixException.translateToIOException(UnixException.java:86)
	at sun.nio.fs.UnixException.rethrowAsIOException(UnixException.java:102)
	at sun.nio.fs.UnixException.rethrowAsIOException(UnixException.java:107)
	at sun.nio.fs.UnixFileSystemProvider.newByteChannel(UnixFileSystemProvider.java:214)
	at java.nio.file.Files.newByteChannel(Files.java:361)
	at java.nio.file.Files.newByteChannel(Files.java:407)
	at java.nio.file.Files.readAllBytes(Files.java:3152)
	at sjtu.sdic.mapreduce.core.Master.merge(Master.java:360)
	at sjtu.sdic.mapreduce.core.Master.run(Master.java:245)
	at sjtu.sdic.mapreduce.core.Master.lambda$distributed$7(Master.java:202)
	at java.lang.Thread.run(Thread.java:748)
java.nio.file.NoSuchFileException: mrtmp.test-res-2
	at sun.nio.fs.UnixException.translateToIOException(UnixException.java:86)
	at sun.nio.fs.UnixException.rethrowAsIOException(UnixException.java:102)
	at sun.nio.fs.UnixException.rethrowAsIOException(UnixException.java:107)
	at sun.nio.fs.UnixFileSystemProvider.newByteChannel(UnixFileSystemProvider.java:214)
	at java.nio.file.Files.newByteChannel(Files.java:361)
	at java.nio.file.Files.newByteChannel(Files.java:407)
	at java.nio.file.Files.readAllBytes(Files.java:3152)
	at sjtu.sdic.mapreduce.core.Master.merge(Master.java:360)
	at sjtu.sdic.mapreduce.core.Master.run(Master.java:245)
	at sjtu.sdic.mapreduce.core.Master.lambda$distributed$7(Master.java:202)
	at java.lang.Thread.run(Thread.java:748)
java.nio.file.NoSuchFileException: mrtmp.test-res-3
	at sun.nio.fs.UnixException.translateToIOException(UnixException.java:86)
	at sun.nio.fs.UnixException.rethrowAsIOException(UnixException.java:102)
	at sun.nio.fs.UnixException.rethrowAsIOException(UnixException.java:107)
	at sun.nio.fs.UnixFileSystemProvider.newByteChannel(UnixFileSystemProvider.java:214)
	at java.nio.file.Files.newByteChannel(Files.java:361)
	at java.nio.file.Files.newByteChannel(Files.java:407)
	at java.nio.file.Files.readAllBytes(Files.java:3152)
	at sjtu.sdic.mapreduce.core.Master.merge(Master.java:360)
	at sjtu.sdic.mapreduce.core.Master.run(Master.java:245)
	at sjtu.sdic.mapreduce.core.Master.lambda$distributed$7(Master.java:202)
	at java.lang.Thread.run(Thread.java:748)
java.nio.file.NoSuchFileException: mrtmp.test-res-4
	at sun.nio.fs.UnixException.translateToIOException(UnixException.java:86)
	at sun.nio.fs.UnixException.rethrowAsIOException(UnixException.java:102)
	at sun.nio.fs.UnixException.rethrowAsIOException(UnixException.java:107)
	at sun.nio.fs.UnixFileSystemProvider.newByteChannel(UnixFileSystemProvider.java:214)
	at java.nio.file.Files.newByteChannel(Files.java:361)
	at java.nio.file.Files.newByteChannel(Files.java:407)
	at java.nio.file.Files.readAllBytes(Files.java:3152)
	at sjtu.sdic.mapreduce.core.Master.merge(Master.java:360)
	at sjtu.sdic.mapreduce.core.Master.run(Master.java:245)
	at sjtu.sdic.mapreduce.core.Master.lambda$distributed$7(Master.java:202)
	at java.lang.Thread.run(Thread.java:748)
java.nio.file.NoSuchFileException: mrtmp.test-res-5
	at sun.nio.fs.UnixException.translateToIOException(UnixException.java:86)
	at sun.nio.fs.UnixException.rethrowAsIOException(UnixException.java:102)
	at sun.nio.fs.UnixException.rethrowAsIOException(UnixException.java:107)
	at sun.nio.fs.UnixFileSystemProvider.newByteChannel(UnixFileSystemProvider.java:214)
	at java.nio.file.Files.newByteChannel(Files.java:361)
	at java.nio.file.Files.newByteChannel(Files.java:407)
	at java.nio.file.Files.readAllBytes(Files.java:3152)
	at sjtu.sdic.mapreduce.core.Master.merge(Master.java:360)
	at sjtu.sdic.mapreduce.core.Master.run(Master.java:245)
	at sjtu.sdic.mapreduce.core.Master.lambda$distributed$7(Master.java:202)
	at java.lang.Thread.run(Thread.java:748)
java.nio.file.NoSuchFileException: mrtmp.test-res-6
	at sun.nio.fs.UnixException.translateToIOException(UnixException.java:86)
	at sun.nio.fs.UnixException.rethrowAsIOException(UnixException.java:102)
	at sun.nio.fs.UnixException.rethrowAsIOException(UnixException.java:107)
	at sun.nio.fs.UnixFileSystemProvider.newByteChannel(UnixFileSystemProvider.java:214)
	at java.nio.file.Files.newByteChannel(Files.java:361)
	at java.nio.file.Files.newByteChannel(Files.java:407)
	at java.nio.file.Files.readAllBytes(Files.java:3152)
	at sjtu.sdic.mapreduce.core.Master.merge(Master.java:360)
	at sjtu.sdic.mapreduce.core.Master.run(Master.java:245)
	at sjtu.sdic.mapreduce.core.Master.lambda$distributed$7(Master.java:202)
	at java.lang.Thread.run(Thread.java:748)
java.nio.file.NoSuchFileException: mrtmp.test-res-7
	at sun.nio.fs.UnixException.translateToIOException(UnixException.java:86)
	at sun.nio.fs.UnixException.rethrowAsIOException(UnixException.java:102)
	at sun.nio.fs.UnixException.rethrowAsIOException(UnixException.java:107)
	at sun.nio.fs.UnixFileSystemProvider.newByteChannel(UnixFileSystemProvider.java:214)
	at java.nio.file.Files.newByteChannel(Files.java:361)
	at java.nio.file.Files.newByteChannel(Files.java:407)
	at java.nio.file.Files.readAllBytes(Files.java:3152)
	at sjtu.sdic.mapreduce.core.Master.merge(Master.java:360)
	at sjtu.sdic.mapreduce.core.Master.run(Master.java:245)
	at sjtu.sdic.mapreduce.core.Master.lambda$distributed$7(Master.java:202)
	at java.lang.Thread.run(Thread.java:748)
java.nio.file.NoSuchFileException: mrtmp.test-res-8
	at sun.nio.fs.UnixException.translateToIOException(UnixException.java:86)
	at sun.nio.fs.UnixException.rethrowAsIOException(UnixException.java:102)
	at sun.nio.fs.UnixException.rethrowAsIOException(UnixException.java:107)
	at sun.nio.fs.UnixFileSystemProvider.newByteChannel(UnixFileSystemProvider.java:214)
	at java.nio.file.Files.newByteChannel(Files.java:361)
	at java.nio.file.Files.newByteChannel(Files.java:407)
	at java.nio.file.Files.readAllBytes(Files.java:3152)
	at sjtu.sdic.mapreduce.core.Master.merge(Master.java:360)
	at sjtu.sdic.mapreduce.core.Master.run(Master.java:245)
	at sjtu.sdic.mapreduce.core.Master.lambda$distributed$7(Master.java:202)
	at java.lang.Thread.run(Thread.java:748)
java.nio.file.NoSuchFileException: mrtmp.test-res-9
	at sun.nio.fs.UnixException.translateToIOException(UnixException.java:86)
	at sun.nio.fs.UnixException.rethrowAsIOException(UnixException.java:102)
	at sun.nio.fs.UnixException.rethrowAsIOException(UnixException.java:107)
	at sun.nio.fs.UnixFileSystemProvider.newByteChannel(UnixFileSystemProvider.java:214)
	at java.nio.file.Files.newByteChannel(Files.java:361)
	at java.nio.file.Files.newByteChannel(Files.java:407)
	at java.nio.file.Files.readAllBytes(Files.java:3152)
	at sjtu.sdic.mapreduce.core.Master.merge(Master.java:360)
	at sjtu.sdic.mapreduce.core.Master.run(Master.java:245)
	at sjtu.sdic.mapreduce.core.Master.lambda$distributed$7(Master.java:202)
	at java.lang.Thread.run(Thread.java:748)
</system-err>
  </testcase>
  <testcase classname="MRTest" name="testOneFailure" time="0.211">
    <failure message="Expected 100000 lines in output" type="junit.framework.AssertionFailedError">junit.framework.AssertionFailedError: Expected 100000 lines in output
	at junit.framework.Assert.fail(Assert.java:57)
	at junit.framework.Assert.assertTrue(Assert.java:22)
	at junit.framework.Assert.assertFalse(Assert.java:39)
	at junit.framework.TestCase.assertFalse(TestCase.java:210)
	at MRTest.check(MRTest.java:104)
	at MRTest.testOneFailure(MRTest.java:249)
	at sun.reflect.NativeMethodAccessorImpl.invoke0(Native Method)
	at sun.reflect.NativeMethodAccessorImpl.invoke(NativeMethodAccessorImpl.java:62)
	at sun.reflect.DelegatingMethodAccessorImpl.invoke(DelegatingMethodAccessorImpl.java:43)
	at java.lang.reflect.Method.invoke(Method.java:498)
	at org.junit.runners.model.FrameworkMethod$1.runReflectiveCall(FrameworkMethod.java:50)
	at org.junit.internal.runners.model.ReflectiveCallable.run(ReflectiveCallable.java:12)
	at org.junit.runners.model.FrameworkMethod.invokeExplosively(FrameworkMethod.java:47)
	at org.junit.internal.runners.statements.InvokeMethod.evaluate(InvokeMethod.java:17)
	at org.junit.runners.ParentRunner.runLeaf(ParentRunner.java:325)
	at org.junit.runners.BlockJUnit4ClassRunner.runChild(BlockJUnit4ClassRunner.java:78)
	at org.junit.runners.BlockJUnit4ClassRunner.runChild(BlockJUnit4ClassRunner.java:57)
	at org.junit.runners.ParentRunner$3.run(ParentRunner.java:290)
	at org.junit.runners.ParentRunner$1.schedule(ParentRunner.java:71)
	at org.junit.runners.ParentRunner.runChildren(ParentRunner.java:288)
	at org.junit.runners.ParentRunner.access$000(ParentRunner.java:58)
	at org.junit.runners.ParentRunner$2.evaluate(ParentRunner.java:268)
	at org.junit.runners.ParentRunner.run(ParentRunner.java:363)
	at org.apache.maven.surefire.junit4.JUnit4Provider.execute(JUnit4Provider.java:252)
	at org.apache.maven.surefire.junit4.JUnit4Provider.executeTestSet(JUnit4Provider.java:141)
	at org.apache.maven.surefire.junit4.JUnit4Provider.invoke(JUnit4Provider.java:112)
	at sun.reflect.NativeMethodAccessorImpl.invoke0(Native Method)
	at sun.reflect.NativeMethodAccessorImpl.invoke(NativeMethodAccessorImpl.java:62)
	at sun.reflect.DelegatingMethodAccessorImpl.invoke(DelegatingMethodAccessorImpl.java:43)
	at java.lang.reflect.Method.invoke(Method.java:498)
	at org.apache.maven.surefire.util.ReflectionUtils.invokeMethodWithArray(ReflectionUtils.java:189)
	at org.apache.maven.surefire.booter.ProviderFactory$ProviderProxy.invoke(ProviderFactory.java:165)
	at org.apache.maven.surefire.booter.ProviderFactory.invokeProvider(ProviderFactory.java:85)
	at org.apache.maven.surefire.booter.ForkedBooter.runSuitesInProcess(ForkedBooter.java:115)
	at org.apache.maven.surefire.booter.ForkedBooter.main(ForkedBooter.java:75)
</failure>
    <system-out>master: Starting Map/Reduce task test
Schedule: 20 MAP_PHASE tasks (10 I/Os)
Schedule: MAP_PHASE done
Schedule: 10 REDUCE_PHASE tasks (20 I/Os)
Schedule: REDUCE_PHASE done
Merge: read mrtmp.test-res-0
Merge: read mrtmp.test-res-1
Merge: read mrtmp.test-res-2
Merge: read mrtmp.test-res-3
Merge: read mrtmp.test-res-4
Merge: read mrtmp.test-res-5
Merge: read mrtmp.test-res-6
Merge: read mrtmp.test-res-7
Merge: read mrtmp.test-res-8
Merge: read mrtmp.test-res-9
master: Map/Reduce task completed
</system-out>
    <system-err>java.nio.file.NoSuchFileException: mrtmp.test-res-0
	at sun.nio.fs.UnixException.translateToIOException(UnixException.java:86)
	at sun.nio.fs.UnixException.rethrowAsIOException(UnixException.java:102)
	at sun.nio.fs.UnixException.rethrowAsIOException(UnixException.java:107)
	at sun.nio.fs.UnixFileSystemProvider.newByteChannel(UnixFileSystemProvider.java:214)
	at java.nio.file.Files.newByteChannel(Files.java:361)
	at java.nio.file.Files.newByteChannel(Files.java:407)
	at java.nio.file.Files.readAllBytes(Files.java:3152)
	at sjtu.sdic.mapreduce.core.Master.merge(Master.java:360)
	at sjtu.sdic.mapreduce.core.Master.run(Master.java:245)
	at sjtu.sdic.mapreduce.core.Master.lambda$distributed$7(Master.java:202)
	at java.lang.Thread.run(Thread.java:748)
java.nio.file.NoSuchFileException: mrtmp.test-res-1
	at sun.nio.fs.UnixException.translateToIOException(UnixException.java:86)
	at sun.nio.fs.UnixException.rethrowAsIOException(UnixException.java:102)
	at sun.nio.fs.UnixException.rethrowAsIOException(UnixException.java:107)
	at sun.nio.fs.UnixFileSystemProvider.newByteChannel(UnixFileSystemProvider.java:214)
	at java.nio.file.Files.newByteChannel(Files.java:361)
	at java.nio.file.Files.newByteChannel(Files.java:407)
	at java.nio.file.Files.readAllBytes(Files.java:3152)
	at sjtu.sdic.mapreduce.core.Master.merge(Master.java:360)
	at sjtu.sdic.mapreduce.core.Master.run(Master.java:245)
	at sjtu.sdic.mapreduce.core.Master.lambda$distributed$7(Master.java:202)
	at java.lang.Thread.run(Thread.java:748)
Register: RPC worker1 register error
java.nio.file.NoSuchFileException: mrtmp.test-res-2
	at sun.nio.fs.UnixException.translateToIOException(UnixException.java:86)
	at sun.nio.fs.UnixException.rethrowAsIOException(UnixException.java:102)
	at sun.nio.fs.UnixException.rethrowAsIOException(UnixException.java:107)
	at sun.nio.fs.UnixFileSystemProvider.newByteChannel(UnixFileSystemProvider.java:214)
	at java.nio.file.Files.newByteChannel(Files.java:361)
	at java.nio.file.Files.newByteChannel(Files.java:407)
	at java.nio.file.Files.readAllBytes(Files.java:3152)
	at sjtu.sdic.mapreduce.core.Master.merge(Master.java:360)
	at sjtu.sdic.mapreduce.core.Master.run(Master.java:245)
	at sjtu.sdic.mapreduce.core.Master.lambda$distributed$7(Master.java:202)
	at java.lang.Thread.run(Thread.java:748)
java.nio.file.NoSuchFileException: mrtmp.test-res-3
	at sun.nio.fs.UnixException.translateToIOException(UnixException.java:86)
	at sun.nio.fs.UnixException.rethrowAsIOException(UnixException.java:102)
	at sun.nio.fs.UnixException.rethrowAsIOException(UnixException.java:107)
	at sun.nio.fs.UnixFileSystemProvider.newByteChannel(UnixFileSystemProvider.java:214)
	at java.nio.file.Files.newByteChannel(Files.java:361)
	at java.nio.file.Files.newByteChannel(Files.java:407)
	at java.nio.file.Files.readAllBytes(Files.java:3152)
	at sjtu.sdic.mapreduce.core.Master.merge(Master.java:360)
	at sjtu.sdic.mapreduce.core.Master.run(Master.java:245)
	at sjtu.sdic.mapreduce.core.Master.lambda$distributed$7(Master.java:202)
	at java.lang.Thread.run(Thread.java:748)
java.nio.file.NoSuchFileException: mrtmp.test-res-4
	at sun.nio.fs.UnixException.translateToIOException(UnixException.java:86)
	at sun.nio.fs.UnixException.rethrowAsIOException(UnixException.java:102)
	at sun.nio.fs.UnixException.rethrowAsIOException(UnixException.java:107)
	at sun.nio.fs.UnixFileSystemProvider.newByteChannel(UnixFileSystemProvider.java:214)
	at java.nio.file.Files.newByteChannel(Files.java:361)
	at java.nio.file.Files.newByteChannel(Files.java:407)
	at java.nio.file.Files.readAllBytes(Files.java:3152)
	at sjtu.sdic.mapreduce.core.Master.merge(Master.java:360)
	at sjtu.sdic.mapreduce.core.Master.run(Master.java:245)
	at sjtu.sdic.mapreduce.core.Master.lambda$distributed$7(Master.java:202)
	at java.lang.Thread.run(Thread.java:748)
java.nio.file.NoSuchFileException: mrtmp.test-res-5
	at sun.nio.fs.UnixException.translateToIOException(UnixException.java:86)
	at sun.nio.fs.UnixException.rethrowAsIOException(UnixException.java:102)
	at sun.nio.fs.UnixException.rethrowAsIOException(UnixException.java:107)
	at sun.nio.fs.UnixFileSystemProvider.newByteChannel(UnixFileSystemProvider.java:214)
	at java.nio.file.Files.newByteChannel(Files.java:361)
	at java.nio.file.Files.newByteChannel(Files.java:407)
	at java.nio.file.Files.readAllBytes(Files.java:3152)
	at sjtu.sdic.mapreduce.core.Master.merge(Master.java:360)
	at sjtu.sdic.mapreduce.core.Master.run(Master.java:245)
	at sjtu.sdic.mapreduce.core.Master.lambda$distributed$7(Master.java:202)
	at java.lang.Thread.run(Thread.java:748)
java.nio.file.NoSuchFileException: mrtmp.test-res-6
	at sun.nio.fs.UnixException.translateToIOException(UnixException.java:86)
	at sun.nio.fs.UnixException.rethrowAsIOException(UnixException.java:102)
Register: RPC worker2 register error
	at sun.nio.fs.UnixException.rethrowAsIOException(UnixException.java:107)
	at sun.nio.fs.UnixFileSystemProvider.newByteChannel(UnixFileSystemProvider.java:214)
	at java.nio.file.Files.newByteChannel(Files.java:361)
	at java.nio.file.Files.newByteChannel(Files.java:407)
	at java.nio.file.Files.readAllBytes(Files.java:3152)
	at sjtu.sdic.mapreduce.core.Master.merge(Master.java:360)
	at sjtu.sdic.mapreduce.core.Master.run(Master.java:245)
	at sjtu.sdic.mapreduce.core.Master.lambda$distributed$7(Master.java:202)
	at java.lang.Thread.run(Thread.java:748)
java.nio.file.NoSuchFileException: mrtmp.test-res-7
	at sun.nio.fs.UnixException.translateToIOException(UnixException.java:86)
	at sun.nio.fs.UnixException.rethrowAsIOException(UnixException.java:102)
	at sun.nio.fs.UnixException.rethrowAsIOException(UnixException.java:107)
	at sun.nio.fs.UnixFileSystemProvider.newByteChannel(UnixFileSystemProvider.java:214)
	at java.nio.file.Files.newByteChannel(Files.java:361)
	at java.nio.file.Files.newByteChannel(Files.java:407)
	at java.nio.file.Files.readAllBytes(Files.java:3152)
	at sjtu.sdic.mapreduce.core.Master.merge(Master.java:360)
	at sjtu.sdic.mapreduce.core.Master.run(Master.java:245)
	at sjtu.sdic.mapreduce.core.Master.lambda$distributed$7(Master.java:202)
	at java.lang.Thread.run(Thread.java:748)
java.nio.file.NoSuchFileException: mrtmp.test-res-8
	at sun.nio.fs.UnixException.translateToIOException(UnixException.java:86)
	at sun.nio.fs.UnixException.rethrowAsIOException(UnixException.java:102)
	at sun.nio.fs.UnixException.rethrowAsIOException(UnixException.java:107)
	at sun.nio.fs.UnixFileSystemProvider.newByteChannel(UnixFileSystemProvider.java:214)
	at java.nio.file.Files.newByteChannel(Files.java:361)
	at java.nio.file.Files.newByteChannel(Files.java:407)
	at java.nio.file.Files.readAllBytes(Files.java:3152)
	at sjtu.sdic.mapreduce.core.Master.merge(Master.java:360)
	at sjtu.sdic.mapreduce.core.Master.run(Master.java:245)
	at sjtu.sdic.mapreduce.core.Master.lambda$distributed$7(Master.java:202)
	at java.lang.Thread.run(Thread.java:748)
java.nio.file.NoSuchFileException: mrtmp.test-res-9
	at sun.nio.fs.UnixException.translateToIOException(UnixException.java:86)
	at sun.nio.fs.UnixException.rethrowAsIOException(UnixException.java:102)
	at sun.nio.fs.UnixException.rethrowAsIOException(UnixException.java:107)
	at sun.nio.fs.UnixFileSystemProvider.newByteChannel(UnixFileSystemProvider.java:214)
	at java.nio.file.Files.newByteChannel(Files.java:361)
	at java.nio.file.Files.newByteChannel(Files.java:407)
	at java.nio.file.Files.readAllBytes(Files.java:3152)
	at sjtu.sdic.mapreduce.core.Master.merge(Master.java:360)
	at sjtu.sdic.mapreduce.core.Master.run(Master.java:245)
	at sjtu.sdic.mapreduce.core.Master.lambda$distributed$7(Master.java:202)
	at java.lang.Thread.run(Thread.java:748)
</system-err>
  </testcase>
  <testcase classname="MRTest" name="testSequentialSingle" time="13.302">
    <failure message="Expected 100000 lines in output" type="junit.framework.AssertionFailedError">junit.framework.AssertionFailedError: Expected 100000 lines in output
	at junit.framework.Assert.fail(Assert.java:57)
	at junit.framework.Assert.assertTrue(Assert.java:22)
	at junit.framework.Assert.assertFalse(Assert.java:39)
	at junit.framework.TestCase.assertFalse(TestCase.java:210)
	at MRTest.check(MRTest.java:104)
	at MRTest.testSequentialSingle(MRTest.java:170)
	at sun.reflect.NativeMethodAccessorImpl.invoke0(Native Method)
	at sun.reflect.NativeMethodAccessorImpl.invoke(NativeMethodAccessorImpl.java:62)
	at sun.reflect.DelegatingMethodAccessorImpl.invoke(DelegatingMethodAccessorImpl.java:43)
	at java.lang.reflect.Method.invoke(Method.java:498)
	at org.junit.runners.model.FrameworkMethod$1.runReflectiveCall(FrameworkMethod.java:50)
	at org.junit.internal.runners.model.ReflectiveCallable.run(ReflectiveCallable.java:12)
	at org.junit.runners.model.FrameworkMethod.invokeExplosively(FrameworkMethod.java:47)
	at org.junit.internal.runners.statements.InvokeMethod.evaluate(InvokeMethod.java:17)
	at org.junit.runners.ParentRunner.runLeaf(ParentRunner.java:325)
	at org.junit.runners.BlockJUnit4ClassRunner.runChild(BlockJUnit4ClassRunner.java:78)
	at org.junit.runners.BlockJUnit4ClassRunner.runChild(BlockJUnit4ClassRunner.java:57)
	at org.junit.runners.ParentRunner$3.run(ParentRunner.java:290)
	at org.junit.runners.ParentRunner$1.schedule(ParentRunner.java:71)
	at org.junit.runners.ParentRunner.runChildren(ParentRunner.java:288)
	at org.junit.runners.ParentRunner.access$000(ParentRunner.java:58)
	at org.junit.runners.ParentRunner$2.evaluate(ParentRunner.java:268)
	at org.junit.runners.ParentRunner.run(ParentRunner.java:363)
	at org.apache.maven.surefire.junit4.JUnit4Provider.execute(JUnit4Provider.java:252)
	at org.apache.maven.surefire.junit4.JUnit4Provider.executeTestSet(JUnit4Provider.java:141)
	at org.apache.maven.surefire.junit4.JUnit4Provider.invoke(JUnit4Provider.java:112)
	at sun.reflect.NativeMethodAccessorImpl.invoke0(Native Method)
	at sun.reflect.NativeMethodAccessorImpl.invoke(NativeMethodAccessorImpl.java:62)
	at sun.reflect.DelegatingMethodAccessorImpl.invoke(DelegatingMethodAccessorImpl.java:43)
	at java.lang.reflect.Method.invoke(Method.java:498)
	at org.apache.maven.surefire.util.ReflectionUtils.invokeMethodWithArray(ReflectionUtils.java:189)
	at org.apache.maven.surefire.booter.ProviderFactory$ProviderProxy.invoke(ProviderFactory.java:165)
	at org.apache.maven.surefire.booter.ProviderFactory.invokeProvider(ProviderFactory.java:85)
	at org.apache.maven.surefire.booter.ForkedBooter.runSuitesInProcess(ForkedBooter.java:115)
	at org.apache.maven.surefire.booter.ForkedBooter.main(ForkedBooter.java:75)
</failure>
    <system-out>master: Starting Map/Reduce task test
Merge: read mrtmp.test-res-0
master: Map/Reduce task completed
</system-out>
    <system-err>java.nio.file.NoSuchFileException: mrtmp.test-res-0
	at sun.nio.fs.UnixException.translateToIOException(UnixException.java:86)
	at sun.nio.fs.UnixException.rethrowAsIOException(UnixException.java:102)
	at sun.nio.fs.UnixException.rethrowAsIOException(UnixException.java:107)
	at sun.nio.fs.UnixFileSystemProvider.newByteChannel(UnixFileSystemProvider.java:214)
	at java.nio.file.Files.newByteChannel(Files.java:361)
	at java.nio.file.Files.newByteChannel(Files.java:407)
	at java.nio.file.Files.readAllBytes(Files.java:3152)
	at sjtu.sdic.mapreduce.core.Master.merge(Master.java:360)
	at sjtu.sdic.mapreduce.core.Master.run(Master.java:245)
	at sjtu.sdic.mapreduce.core.Master.lambda$sequential$2(Master.java:82)
	at java.lang.Thread.run(Thread.java:748)
</system-err>
  </testcase>
  <testcase classname="MRTest" name="testManyFailures" time="1.071">
    <failure message="Expected 100000 lines in output" type="junit.framework.AssertionFailedError">junit.framework.AssertionFailedError: Expected 100000 lines in output
	at junit.framework.Assert.fail(Assert.java:57)
	at junit.framework.Assert.assertTrue(Assert.java:22)
	at junit.framework.Assert.assertFalse(Assert.java:39)
	at junit.framework.TestCase.assertFalse(TestCase.java:210)
	at MRTest.check(MRTest.java:104)
	at MRTest.testManyFailures(MRTest.java:276)
	at sun.reflect.NativeMethodAccessorImpl.invoke0(Native Method)
	at sun.reflect.NativeMethodAccessorImpl.invoke(NativeMethodAccessorImpl.java:62)
	at sun.reflect.DelegatingMethodAccessorImpl.invoke(DelegatingMethodAccessorImpl.java:43)
	at java.lang.reflect.Method.invoke(Method.java:498)
	at org.junit.runners.model.FrameworkMethod$1.runReflectiveCall(FrameworkMethod.java:50)
	at org.junit.internal.runners.model.ReflectiveCallable.run(ReflectiveCallable.java:12)
	at org.junit.runners.model.FrameworkMethod.invokeExplosively(FrameworkMethod.java:47)
	at org.junit.internal.runners.statements.InvokeMethod.evaluate(InvokeMethod.java:17)
	at org.junit.runners.ParentRunner.runLeaf(ParentRunner.java:325)
	at org.junit.runners.BlockJUnit4ClassRunner.runChild(BlockJUnit4ClassRunner.java:78)
	at org.junit.runners.BlockJUnit4ClassRunner.runChild(BlockJUnit4ClassRunner.java:57)
	at org.junit.runners.ParentRunner$3.run(ParentRunner.java:290)
	at org.junit.runners.ParentRunner$1.schedule(ParentRunner.java:71)
	at org.junit.runners.ParentRunner.runChildren(ParentRunner.java:288)
	at org.junit.runners.ParentRunner.access$000(ParentRunner.java:58)
	at org.junit.runners.ParentRunner$2.evaluate(ParentRunner.java:268)
	at org.junit.runners.ParentRunner.run(ParentRunner.java:363)
	at org.apache.maven.surefire.junit4.JUnit4Provider.execute(JUnit4Provider.java:252)
	at org.apache.maven.surefire.junit4.JUnit4Provider.executeTestSet(JUnit4Provider.java:141)
	at org.apache.maven.surefire.junit4.JUnit4Provider.invoke(JUnit4Provider.java:112)
	at sun.reflect.NativeMethodAccessorImpl.invoke0(Native Method)
	at sun.reflect.NativeMethodAccessorImpl.invoke(NativeMethodAccessorImpl.java:62)
	at sun.reflect.DelegatingMethodAccessorImpl.invoke(DelegatingMethodAccessorImpl.java:43)
	at java.lang.reflect.Method.invoke(Method.java:498)
	at org.apache.maven.surefire.util.ReflectionUtils.invokeMethodWithArray(ReflectionUtils.java:189)
	at org.apache.maven.surefire.booter.ProviderFactory$ProviderProxy.invoke(ProviderFactory.java:165)
	at org.apache.maven.surefire.booter.ProviderFactory.invokeProvider(ProviderFactory.java:85)
	at org.apache.maven.surefire.booter.ForkedBooter.runSuitesInProcess(ForkedBooter.java:115)
	at org.apache.maven.surefire.booter.ForkedBooter.main(ForkedBooter.java:75)
</failure>
    <system-out>master: Starting Map/Reduce task test
Schedule: 20 MAP_PHASE tasks (10 I/Os)
Schedule: MAP_PHASE done
Schedule: 10 REDUCE_PHASE tasks (20 I/Os)
Schedule: REDUCE_PHASE done
Merge: read mrtmp.test-res-0
Merge: read mrtmp.test-res-1
Merge: read mrtmp.test-res-2
Merge: read mrtmp.test-res-3
Merge: read mrtmp.test-res-4
Merge: read mrtmp.test-res-5
Merge: read mrtmp.test-res-6
Merge: read mrtmp.test-res-7
Merge: read mrtmp.test-res-8
Merge: read mrtmp.test-res-9
master: Map/Reduce task completed
</system-out>
    <system-err>java.nio.file.NoSuchFileException: mrtmp.test-res-0
	at sun.nio.fs.UnixException.translateToIOException(UnixException.java:86)
	at sun.nio.fs.UnixException.rethrowAsIOException(UnixException.java:102)
	at sun.nio.fs.UnixException.rethrowAsIOException(UnixException.java:107)
	at sun.nio.fs.UnixFileSystemProvider.newByteChannel(UnixFileSystemProvider.java:214)
	at java.nio.file.Files.newByteChannel(Files.java:361)
	at java.nio.file.Files.newByteChannel(Files.java:407)
	at java.nio.file.Files.readAllBytes(Files.java:3152)
	at sjtu.sdic.mapreduce.core.Master.merge(Master.java:360)
	at sjtu.sdic.mapreduce.core.Master.run(Master.java:245)
	at sjtu.sdic.mapreduce.core.Master.lambda$distributed$7(Master.java:202)
	at java.lang.Thread.run(Thread.java:748)
java.nio.file.NoSuchFileException: mrtmp.test-res-1
	at sun.nio.fs.UnixException.translateToIOException(UnixException.java:86)
	at sun.nio.fs.UnixException.rethrowAsIOException(UnixException.java:102)
	at sun.nio.fs.UnixException.rethrowAsIOException(UnixException.java:107)
	at sun.nio.fs.UnixFileSystemProvider.newByteChannel(UnixFileSystemProvider.java:214)
	at java.nio.file.Files.newByteChannel(Files.java:361)
	at java.nio.file.Files.newByteChannel(Files.java:407)
	at java.nio.file.Files.readAllBytes(Files.java:3152)
	at sjtu.sdic.mapreduce.core.Master.merge(Master.java:360)
	at sjtu.sdic.mapreduce.core.Master.run(Master.java:245)
	at sjtu.sdic.mapreduce.core.Master.lambda$distributed$7(Master.java:202)
	at java.lang.Thread.run(Thread.java:748)
java.nio.file.NoSuchFileException: mrtmp.test-res-2
	at sun.nio.fs.UnixException.translateToIOException(UnixException.java:86)
	at sun.nio.fs.UnixException.rethrowAsIOException(UnixException.java:102)
	at sun.nio.fs.UnixException.rethrowAsIOException(UnixException.java:107)
	at sun.nio.fs.UnixFileSystemProvider.newByteChannel(UnixFileSystemProvider.java:214)
	at java.nio.file.Files.newByteChannel(Files.java:361)
	at java.nio.file.Files.newByteChannel(Files.java:407)
	at java.nio.file.Files.readAllBytes(Files.java:3152)
	at sjtu.sdic.mapreduce.core.Master.merge(Master.java:360)
	at sjtu.sdic.mapreduce.core.Master.run(Master.java:245)
	at sjtu.sdic.mapreduce.core.Master.lambda$distributed$7(Master.java:202)Register: RPC worker0 register error

	at java.lang.Thread.run(Thread.java:748)
java.nio.file.NoSuchFileException: mrtmp.test-res-3
	at sun.nio.fs.UnixException.translateToIOException(UnixException.java:86)
	at sun.nio.fs.UnixException.rethrowAsIOException(UnixException.java:102)
	at sun.nio.fs.UnixException.rethrowAsIOException(UnixException.java:107)
	at sun.nio.fs.UnixFileSystemProvider.newByteChannel(UnixFileSystemProvider.java:214)
	at java.nio.file.Files.newByteChannel(Files.java:361)
	at java.nio.file.Files.newByteChannel(Files.java:407)
	at java.nio.file.Files.readAllBytes(Files.java:3152)
	at sjtu.sdic.mapreduce.core.Master.merge(Master.java:360)
Register: RPC worker1 register error
	at sjtu.sdic.mapreduce.core.Master.run(Master.java:245)
	at sjtu.sdic.mapreduce.core.Master.lambda$distributed$7(Master.java:202)
	at java.lang.Thread.run(Thread.java:748)
java.nio.file.NoSuchFileException: mrtmp.test-res-4
	at sun.nio.fs.UnixException.translateToIOException(UnixException.java:86)
	at sun.nio.fs.UnixException.rethrowAsIOException(UnixException.java:102)
	at sun.nio.fs.UnixException.rethrowAsIOException(UnixException.java:107)
	at sun.nio.fs.UnixFileSystemProvider.newByteChannel(UnixFileSystemProvider.java:214)
	at java.nio.file.Files.newByteChannel(Files.java:361)
	at java.nio.file.Files.newByteChannel(Files.java:407)
	at java.nio.file.Files.readAllBytes(Files.java:3152)
	at sjtu.sdic.mapreduce.core.Master.merge(Master.java:360)
	at sjtu.sdic.mapreduce.core.Master.run(Master.java:245)
	at sjtu.sdic.mapreduce.core.Master.lambda$distributed$7(Master.java:202)
	at java.lang.Thread.run(Thread.java:748)
java.nio.file.NoSuchFileException: mrtmp.test-res-5
	at sun.nio.fs.UnixException.translateToIOException(UnixException.java:86)
	at sun.nio.fs.UnixException.rethrowAsIOException(UnixException.java:102)
	at sun.nio.fs.UnixException.rethrowAsIOException(UnixException.java:107)
	at sun.nio.fs.UnixFileSystemProvider.newByteChannel(UnixFileSystemProvider.java:214)
	at java.nio.file.Files.newByteChannel(Files.java:361)
	at java.nio.file.Files.newByteChannel(Files.java:407)
	at java.nio.file.Files.readAllBytes(Files.java:3152)
	at sjtu.sdic.mapreduce.core.Master.merge(Master.java:360)
	at sjtu.sdic.mapreduce.core.Master.run(Master.java:245)
	at sjtu.sdic.mapreduce.core.Master.lambda$distributed$7(Master.java:202)
	at java.lang.Thread.run(Thread.java:748)
java.nio.file.NoSuchFileException: mrtmp.test-res-6
	at sun.nio.fs.UnixException.translateToIOException(UnixException.java:86)
	at sun.nio.fs.UnixException.rethrowAsIOException(UnixException.java:102)
	at sun.nio.fs.UnixException.rethrowAsIOException(UnixException.java:107)
	at sun.nio.fs.UnixFileSystemProvider.newByteChannel(UnixFileSystemProvider.java:214)
	at java.nio.file.Files.newByteChannel(Files.java:361)
	at java.nio.file.Files.newByteChannel(Files.java:407)
	at java.nio.file.Files.readAllBytes(Files.java:3152)
	at sjtu.sdic.mapreduce.core.Master.merge(Master.java:360)
	at sjtu.sdic.mapreduce.core.Master.run(Master.java:245)
	at sjtu.sdic.mapreduce.core.Master.lambda$distributed$7(Master.java:202)
	at java.lang.Thread.run(Thread.java:748)
java.nio.file.NoSuchFileException: mrtmp.test-res-7
	at sun.nio.fs.UnixException.translateToIOException(UnixException.java:86)
	at sun.nio.fs.UnixException.rethrowAsIOException(UnixException.java:102)
	at sun.nio.fs.UnixException.rethrowAsIOException(UnixException.java:107)
	at sun.nio.fs.UnixFileSystemProvider.newByteChannel(UnixFileSystemProvider.java:214)
	at java.nio.file.Files.newByteChannel(Files.java:361)
	at java.nio.file.Files.newByteChannel(Files.java:407)
	at java.nio.file.Files.readAllBytes(Files.java:3152)
	at sjtu.sdic.mapreduce.core.Master.merge(Master.java:360)
	at sjtu.sdic.mapreduce.core.Master.run(Master.java:245)
	at sjtu.sdic.mapreduce.core.Master.lambda$distributed$7(Master.java:202)
	at java.lang.Thread.run(Thread.java:748)
java.nio.file.NoSuchFileException: mrtmp.test-res-8
	at sun.nio.fs.UnixException.translateToIOException(UnixException.java:86)
	at sun.nio.fs.UnixException.rethrowAsIOException(UnixException.java:102)
	at sun.nio.fs.UnixException.rethrowAsIOException(UnixException.java:107)
	at sun.nio.fs.UnixFileSystemProvider.newByteChannel(UnixFileSystemProvider.java:214)
	at java.nio.file.Files.newByteChannel(Files.java:361)
	at java.nio.file.Files.newByteChannel(Files.java:407)
	at java.nio.file.Files.readAllBytes(Files.java:3152)
	at sjtu.sdic.mapreduce.core.Master.merge(Master.java:360)
	at sjtu.sdic.mapreduce.core.Master.run(Master.java:245)
	at sjtu.sdic.mapreduce.core.Master.lambda$distributed$7(Master.java:202)
	at java.lang.Thread.run(Thread.java:748)
java.nio.file.NoSuchFileException: mrtmp.test-res-9
	at sun.nio.fs.UnixException.translateToIOException(UnixException.java:86)
	at sun.nio.fs.UnixException.rethrowAsIOException(UnixException.java:102)
	at sun.nio.fs.UnixException.rethrowAsIOException(UnixException.java:107)
	at sun.nio.fs.UnixFileSystemProvider.newByteChannel(UnixFileSystemProvider.java:214)
	at java.nio.file.Files.newByteChannel(Files.java:361)
	at java.nio.file.Files.newByteChannel(Files.java:407)
	at java.nio.file.Files.readAllBytes(Files.java:3152)
	at sjtu.sdic.mapreduce.core.Master.merge(Master.java:360)
	at sjtu.sdic.mapreduce.core.Master.run(Master.java:245)
	at sjtu.sdic.mapreduce.core.Master.lambda$distributed$7(Master.java:202)
	at java.lang.Thread.run(Thread.java:748)
</system-err>
  </testcase>
  <testcase classname="MRTest" name="testSequentialMany" time="8.997">
    <failure message="Expected 100000 lines in output" type="junit.framework.AssertionFailedError">junit.framework.AssertionFailedError: Expected 100000 lines in output
	at junit.framework.Assert.fail(Assert.java:57)
	at junit.framework.Assert.assertTrue(Assert.java:22)
	at junit.framework.Assert.assertFalse(Assert.java:39)
	at junit.framework.TestCase.assertFalse(TestCase.java:210)
	at MRTest.check(MRTest.java:104)
	at MRTest.testSequentialMany(MRTest.java:183)
	at sun.reflect.NativeMethodAccessorImpl.invoke0(Native Method)
	at sun.reflect.NativeMethodAccessorImpl.invoke(NativeMethodAccessorImpl.java:62)
	at sun.reflect.DelegatingMethodAccessorImpl.invoke(DelegatingMethodAccessorImpl.java:43)
	at java.lang.reflect.Method.invoke(Method.java:498)
	at org.junit.runners.model.FrameworkMethod$1.runReflectiveCall(FrameworkMethod.java:50)
	at org.junit.internal.runners.model.ReflectiveCallable.run(ReflectiveCallable.java:12)
	at org.junit.runners.model.FrameworkMethod.invokeExplosively(FrameworkMethod.java:47)
	at org.junit.internal.runners.statements.InvokeMethod.evaluate(InvokeMethod.java:17)
	at org.junit.runners.ParentRunner.runLeaf(ParentRunner.java:325)
	at org.junit.runners.BlockJUnit4ClassRunner.runChild(BlockJUnit4ClassRunner.java:78)
	at org.junit.runners.BlockJUnit4ClassRunner.runChild(BlockJUnit4ClassRunner.java:57)
	at org.junit.runners.ParentRunner$3.run(ParentRunner.java:290)
	at org.junit.runners.ParentRunner$1.schedule(ParentRunner.java:71)
	at org.junit.runners.ParentRunner.runChildren(ParentRunner.java:288)
	at org.junit.runners.ParentRunner.access$000(ParentRunner.java:58)
	at org.junit.runners.ParentRunner$2.evaluate(ParentRunner.java:268)
	at org.junit.runners.ParentRunner.run(ParentRunner.java:363)
	at org.apache.maven.surefire.junit4.JUnit4Provider.execute(JUnit4Provider.java:252)
	at org.apache.maven.surefire.junit4.JUnit4Provider.executeTestSet(JUnit4Provider.java:141)
	at org.apache.maven.surefire.junit4.JUnit4Provider.invoke(JUnit4Provider.java:112)
	at sun.reflect.NativeMethodAccessorImpl.invoke0(Native Method)
	at sun.reflect.NativeMethodAccessorImpl.invoke(NativeMethodAccessorImpl.java:62)
	at sun.reflect.DelegatingMethodAccessorImpl.invoke(DelegatingMethodAccessorImpl.java:43)
	at java.lang.reflect.Method.invoke(Method.java:498)
	at org.apache.maven.surefire.util.ReflectionUtils.invokeMethodWithArray(ReflectionUtils.java:189)
	at org.apache.maven.surefire.booter.ProviderFactory$ProviderProxy.invoke(ProviderFactory.java:165)
	at org.apache.maven.surefire.booter.ProviderFactory.invokeProvider(ProviderFactory.java:85)
	at org.apache.maven.surefire.booter.ForkedBooter.runSuitesInProcess(ForkedBooter.java:115)
	at org.apache.maven.surefire.booter.ForkedBooter.main(ForkedBooter.java:75)
</failure>
    <system-out>master: Starting Map/Reduce task test
Merge: read mrtmp.test-res-0
Merge: read mrtmp.test-res-1
Merge: read mrtmp.test-res-2
master: Map/Reduce task completed
</system-out>
    <system-err>java.nio.file.NoSuchFileException: mrtmp.test-res-0
	at sun.nio.fs.UnixException.translateToIOException(UnixException.java:86)
	at sun.nio.fs.UnixException.rethrowAsIOException(UnixException.java:102)
	at sun.nio.fs.UnixException.rethrowAsIOException(UnixException.java:107)
	at sun.nio.fs.UnixFileSystemProvider.newByteChannel(UnixFileSystemProvider.java:214)
	at java.nio.file.Files.newByteChannel(Files.java:361)
	at java.nio.file.Files.newByteChannel(Files.java:407)
	at java.nio.file.Files.readAllBytes(Files.java:3152)
	at sjtu.sdic.mapreduce.core.Master.merge(Master.java:360)
	at sjtu.sdic.mapreduce.core.Master.run(Master.java:245)
	at sjtu.sdic.mapreduce.core.Master.lambda$sequential$2(Master.java:82)
	at java.lang.Thread.run(Thread.java:748)
java.nio.file.NoSuchFileException: mrtmp.test-res-1
	at sun.nio.fs.UnixException.translateToIOException(UnixException.java:86)
	at sun.nio.fs.UnixException.rethrowAsIOException(UnixException.java:102)
	at sun.nio.fs.UnixException.rethrowAsIOException(UnixException.java:107)
	at sun.nio.fs.UnixFileSystemProvider.newByteChannel(UnixFileSystemProvider.java:214)
	at java.nio.file.Files.newByteChannel(Files.java:361)
	at java.nio.file.Files.newByteChannel(Files.java:407)
	at java.nio.file.Files.readAllBytes(Files.java:3152)
	at sjtu.sdic.mapreduce.core.Master.merge(Master.java:360)
	at sjtu.sdic.mapreduce.core.Master.run(Master.java:245)
	at sjtu.sdic.mapreduce.core.Master.lambda$sequential$2(Master.java:82)
	at java.lang.Thread.run(Thread.java:748)
java.nio.file.NoSuchFileException: mrtmp.test-res-2
	at sun.nio.fs.UnixException.translateToIOException(UnixException.java:86)
	at sun.nio.fs.UnixException.rethrowAsIOException(UnixException.java:102)
	at sun.nio.fs.UnixException.rethrowAsIOException(UnixException.java:107)
	at sun.nio.fs.UnixFileSystemProvider.newByteChannel(UnixFileSystemProvider.java:214)
	at java.nio.file.Files.newByteChannel(Files.java:361)
	at java.nio.file.Files.newByteChannel(Files.java:407)
	at java.nio.file.Files.readAllBytes(Files.java:3152)
	at sjtu.sdic.mapreduce.core.Master.merge(Master.java:360)
	at sjtu.sdic.mapreduce.core.Master.run(Master.java:245)
	at sjtu.sdic.mapreduce.core.Master.lambda$sequential$2(Master.java:82)
	at java.lang.Thread.run(Thread.java:748)
</system-err>
  </testcase>
</testsuite>